0 verbose cli /opt/homebrew/Cellar/node/23.5.0/bin/node /opt/homebrew/lib/node_modules/npm/bin/npm-cli.js
1 info using npm@10.9.2
2 info using node@v23.5.0
3 silly config load:file:/opt/homebrew/lib/node_modules/npm/npmrc
4 silly config load:file:/Users/randy/Documents/code/vibeFrontTranslation/.npmrc
5 silly config load:file:/Users/randy/.npmrc
6 silly config load:file:/opt/homebrew/etc/npmrc
7 verbose title npm exec create-next-app@latest /Users/randy/Documents/code/vibeFrontTranslation/auditflow-app --ts --tailwind --eslint --app --src-dir false --use-npm --import-alias @/* --no-turbopack
8 verbose argv "exec" "--" "create-next-app@latest" "/Users/randy/Documents/code/vibeFrontTranslation/auditflow-app" "--ts" "--tailwind" "--eslint" "--app" "--src-dir" "false" "--use-npm" "--import-alias" "@/*" "--no-turbopack"
9 verbose logfile logs-max:10 dir:/Users/randy/Documents/code/vibeFrontTranslation/.npm-cache/_logs/2026-04-07T11_54_29_942Z-
10 verbose logfile /Users/randy/Documents/code/vibeFrontTranslation/.npm-cache/_logs/2026-04-07T11_54_29_942Z-debug-0.log
11 silly logfile done cleaning log files
12 silly packumentCache heap:4345298944 maxSize:1086324736 maxEntrySize:543162368
13 http fetch GET 200 https://registry.npmjs.org/npm 1619ms
14 http fetch GET 200 https://registry.npmjs.org/create-next-app 1951ms (cache miss)
15 silly packumentCache heap:4345298944 maxSize:1086324736 maxEntrySize:543162368
16 silly packumentCache heap:4345298944 maxSize:1086324736 maxEntrySize:543162368
17 warn exec The following package was not found and will be installed: create-next-app@16.2.2
18 silly idealTree buildDeps
19 silly fetch manifest create-next-app@16.2.2
20 silly packumentCache full:https://registry.npmjs.org/create-next-app cache-miss
21 http fetch GET 200 https://registry.npmjs.org/create-next-app 713ms (cache miss)
22 silly packumentCache full:https://registry.npmjs.org/create-next-app set size:undefined disposed:false
23 silly placeDep ROOT create-next-app@16.2.2 OK for:  want: 16.2.2
24 silly reify moves {}
25 silly audit bulk request { 'create-next-app': [ '16.2.2' ] }
26 http cache create-next-app@https://registry.npmjs.org/create-next-app/-/create-next-app-16.2.2.tgz 0ms (cache hit)
27 silly tarball no local data for create-next-app@https://registry.npmjs.org/create-next-app/-/create-next-app-16.2.2.tgz. Extracting by manifest.
28 http fetch POST 200 https://registry.npmjs.org/-/npm/v1/security/advisories/bulk 278ms
29 silly audit report {}
30 http fetch GET 200 https://registry.npmjs.org/create-next-app/-/create-next-app-16.2.2.tgz 298ms (cache miss)
31 verbose cwd /Users/randy/Documents/code/vibeFrontTranslation
32 verbose os Darwin 25.3.0
33 verbose node v23.5.0
34 verbose npm  v10.9.2
35 notice
35 notice New major version of npm available! 10.9.2 -> 11.12.1
35 notice Changelog: https://github.com/npm/cli/releases/tag/v11.12.1
35 notice To update run: npm install -g npm@11.12.1
35 notice  { force: true, [Symbol(proc-log.meta)]: true }
36 verbose exit 1
37 verbose code 1
